<?xml version="1.0" encoding="UTF-8"?>
<!-- Generated by org.testng.reporters.JUnitReportReporter -->
<testsuite name="com.automationpractice.TestScripts.VerifyCountryCodeZipCodeTest" tests="1" time="8.852" ignored="0" failures="0" timestamp="05 Nov 2020 03:07:16 GMT" skipped="0" hostname="MCTLAP-003" errors="0">
  <testcase name="verifyCountryCodeZipCode" time="8.852" classname="com.automationpractice.TestScripts.VerifyCountryCodeZipCodeTest"/>
</testsuite> <!-- com.automationpractice.TestScripts.VerifyCountryCodeZipCodeTest -->
