<?xml version="1.0" encoding="UTF-8"?>
<!-- Generated by org.testng.reporters.JUnitReportReporter -->
<testsuite name="com.automationpractice.TestScripts.VerifyValidLoginTest" tests="1" time="12.386" ignored="0" failures="0" timestamp="09 Nov 2020 02:19:11 GMT" skipped="0" hostname="MCTLAP-003" errors="0">
  <testcase name="verifyLogin" time="12.386" classname="com.automationpractice.TestScripts.VerifyValidLoginTest"/>
</testsuite> <!-- com.automationpractice.TestScripts.VerifyValidLoginTest -->
