<?xml version="1.0" encoding="UTF-8"?>
<!-- Generated by org.testng.reporters.JUnitReportReporter -->
<testsuite name="com.automationpractice.TestScripts.ShareProductTest" tests="1" time="11.788" ignored="0" failures="0" timestamp="09 Nov 2020 02:19:11 GMT" skipped="0" hostname="MCTLAP-003" errors="0">
  <testcase name="shareProduct" time="11.788" classname="com.automationpractice.TestScripts.ShareProductTest"/>
</testsuite> <!-- com.automationpractice.TestScripts.ShareProductTest -->
