<?xml version="1.0" encoding="UTF-8"?>
<!-- Generated by org.testng.reporters.JUnitReportReporter -->
<testsuite name="com.automationpractice.TestScripts.VerifyPlaceOrderTest" tests="1" time="14.530" ignored="0" failures="0" timestamp="07 Nov 2020 00:18:31 GMT" skipped="0" hostname="MCTLAP-003" errors="0">
  <testcase name="VerifyPlaceOrderTest" time="14.530" classname="com.automationpractice.TestScripts.VerifyPlaceOrderTest"/>
</testsuite> <!-- com.automationpractice.TestScripts.VerifyPlaceOrderTest -->
