<?xml version="1.0" encoding="UTF-8"?>
<!-- Generated by org.testng.reporters.JUnitReportReporter -->
<testsuite name="com.automationpractice.TestScripts.VerifyLogOffTest" tests="2" time="11.819" ignored="0" failures="0" timestamp="09 Nov 2020 02:33:38 GMT" skipped="0" hostname="MCTLAP-003" errors="0">
  <testcase name="verifyLogOff" time="6.157" classname="com.automationpractice.TestScripts.VerifyLogOffTest"/>
  <testcase name="verifyLogOff" time="5.662" classname="com.automationpractice.TestScripts.VerifyLogOffTest"/>
</testsuite> <!-- com.automationpractice.TestScripts.VerifyLogOffTest -->
